<?xml version="1.0" encoding="UTF-8"?>
<!-- Generated by org.testng.reporters.JUnitReportReporter -->
<testsuite hostname="DESKTOP-58I4PAT" failures="0" tests="5" name="com.qa.opencart.tests.HomePageTest" time="19.007" errors="0" timestamp="15 Aug 2024 13:15:14 GMT" skipped="0">
  <testcase classname="com.qa.opencart.tests.HomePageTest" name="homePageTitleTest" time="1.267"/>
  <testcase classname="com.qa.opencart.tests.HomePageTest" name="searchTest" time="6.065"/>
  <testcase classname="com.qa.opencart.tests.HomePageTest" name="searchTest" time="5.465"/>
  <testcase classname="com.qa.opencart.tests.HomePageTest" name="homePageURLTest" time="0.536"/>
  <testcase classname="com.qa.opencart.tests.HomePageTest" name="searchTest" time="5.674"/>
</testsuite> <!-- com.qa.opencart.tests.HomePageTest -->
